<?xml version="1.0" encoding="UTF-8"?>
<testsuite xmlns:xsi="http://www.w3.org/2001/XMLSchema-instance" xsi:noNamespaceSchemaLocation="https://maven.apache.org/surefire/maven-failsafe-plugin/xsd/failsafe-test-report.xsd" name="com.orsys.tdd.puissance4.acceptation.TestsIT" time="0.088" tests="6" errors="0" skipped="0" failures="0">
  <properties>
    <property name="sun.desktop" value="windows"/>
    <property name="awt.toolkit" value="sun.awt.windows.WToolkit"/>
    <property name="file.encoding.pkg" value="sun.io"/>
    <property name="java.specification.version" value="1.8"/>
    <property name="sun.cpu.isalist" value="amd64"/>
    <property name="sun.jnu.encoding" value="Cp1252"/>
    <property name="java.class.path" value="C:\Users\olivi\git\Puissance4\target\test-classes;C:\Users\olivi\git\Puissance4\target\classes;C:\Users\olivi\.m2\repository\org\springframework\boot\spring-boot-starter-web\2.0.5.RELEASE\spring-boot-starter-web-2.0.5.RELEASE.jar;C:\Users\olivi\.m2\repository\org\springframework\boot\spring-boot-starter\2.0.5.RELEASE\spring-boot-starter-2.0.5.RELEASE.jar;C:\Users\olivi\.m2\repository\org\springframework\boot\spring-boot\2.0.5.RELEASE\spring-boot-2.0.5.RELEASE.jar;C:\Users\olivi\.m2\repository\org\springframework\boot\spring-boot-autoconfigure\2.0.5.RELEASE\spring-boot-autoconfigure-2.0.5.RELEASE.jar;C:\Users\olivi\.m2\repository\org\springframework\boot\spring-boot-starter-logging\2.0.5.RELEASE\spring-boot-starter-logging-2.0.5.RELEASE.jar;C:\Users\olivi\.m2\repository\ch\qos\logback\logback-classic\1.2.3\logback-classic-1.2.3.jar;C:\Users\olivi\.m2\repository\ch\qos\logback\logback-core\1.2.3\logback-core-1.2.3.jar;C:\Users\olivi\.m2\repository\org\apache\logging\log4j\log4j-to-slf4j\2.10.0\log4j-to-slf4j-2.10.0.jar;C:\Users\olivi\.m2\repository\org\apache\logging\log4j\log4j-api\2.10.0\log4j-api-2.10.0.jar;C:\Users\olivi\.m2\repository\org\slf4j\jul-to-slf4j\1.7.25\jul-to-slf4j-1.7.25.jar;C:\Users\olivi\.m2\repository\javax\annotation\javax.annotation-api\1.3.2\javax.annotation-api-1.3.2.jar;C:\Users\olivi\.m2\repository\org\yaml\snakeyaml\1.19\snakeyaml-1.19.jar;C:\Users\olivi\.m2\repository\org\springframework\boot\spring-boot-starter-json\2.0.5.RELEASE\spring-boot-starter-json-2.0.5.RELEASE.jar;C:\Users\olivi\.m2\repository\com\fasterxml\jackson\datatype\jackson-datatype-jdk8\2.9.6\jackson-datatype-jdk8-2.9.6.jar;C:\Users\olivi\.m2\repository\com\fasterxml\jackson\datatype\jackson-datatype-jsr310\2.9.6\jackson-datatype-jsr310-2.9.6.jar;C:\Users\olivi\.m2\repository\com\fasterxml\jackson\module\jackson-module-parameter-names\2.9.6\jackson-module-parameter-names-2.9.6.jar;C:\Users\olivi\.m2\repository\org\springframework\boot\spring-boot-starter-tomcat\2.0.5.RELEASE\spring-boot-starter-tomcat-2.0.5.RELEASE.jar;C:\Users\olivi\.m2\repository\org\apache\tomcat\embed\tomcat-embed-core\8.5.34\tomcat-embed-core-8.5.34.jar;C:\Users\olivi\.m2\repository\org\apache\tomcat\embed\tomcat-embed-el\8.5.34\tomcat-embed-el-8.5.34.jar;C:\Users\olivi\.m2\repository\org\apache\tomcat\embed\tomcat-embed-websocket\8.5.34\tomcat-embed-websocket-8.5.34.jar;C:\Users\olivi\.m2\repository\org\hibernate\validator\hibernate-validator\6.0.12.Final\hibernate-validator-6.0.12.Final.jar;C:\Users\olivi\.m2\repository\javax\validation\validation-api\2.0.1.Final\validation-api-2.0.1.Final.jar;C:\Users\olivi\.m2\repository\org\jboss\logging\jboss-logging\3.3.2.Final\jboss-logging-3.3.2.Final.jar;C:\Users\olivi\.m2\repository\com\fasterxml\classmate\1.3.4\classmate-1.3.4.jar;C:\Users\olivi\.m2\repository\org\springframework\spring-webmvc\5.0.9.RELEASE\spring-webmvc-5.0.9.RELEASE.jar;C:\Users\olivi\.m2\repository\org\springframework\spring-aop\5.0.9.RELEASE\spring-aop-5.0.9.RELEASE.jar;C:\Users\olivi\.m2\repository\org\springframework\spring-expression\5.0.9.RELEASE\spring-expression-5.0.9.RELEASE.jar;C:\Users\olivi\.m2\repository\org\springframework\boot\spring-boot-starter-test\2.0.5.RELEASE\spring-boot-starter-test-2.0.5.RELEASE.jar;C:\Users\olivi\.m2\repository\org\springframework\boot\spring-boot-test\2.0.5.RELEASE\spring-boot-test-2.0.5.RELEASE.jar;C:\Users\olivi\.m2\repository\org\springframework\boot\spring-boot-test-autoconfigure\2.0.5.RELEASE\spring-boot-test-autoconfigure-2.0.5.RELEASE.jar;C:\Users\olivi\.m2\repository\org\assertj\assertj-core\3.9.1\assertj-core-3.9.1.jar;C:\Users\olivi\.m2\repository\org\mockito\mockito-core\2.15.0\mockito-core-2.15.0.jar;C:\Users\olivi\.m2\repository\net\bytebuddy\byte-buddy\1.7.11\byte-buddy-1.7.11.jar;C:\Users\olivi\.m2\repository\net\bytebuddy\byte-buddy-agent\1.7.11\byte-buddy-agent-1.7.11.jar;C:\Users\olivi\.m2\repository\org\hamcrest\hamcrest-core\1.3\hamcrest-core-1.3.jar;C:\Users\olivi\.m2\repository\org\hamcrest\hamcrest-library\1.3\hamcrest-library-1.3.jar;C:\Users\olivi\.m2\repository\org\skyscreamer\jsonassert\1.5.0\jsonassert-1.5.0.jar;C:\Users\olivi\.m2\repository\com\vaadin\external\google\android-json\0.0.20131108.vaadin1\android-json-0.0.20131108.vaadin1.jar;C:\Users\olivi\.m2\repository\org\springframework\spring-core\5.0.9.RELEASE\spring-core-5.0.9.RELEASE.jar;C:\Users\olivi\.m2\repository\org\springframework\spring-jcl\5.0.9.RELEASE\spring-jcl-5.0.9.RELEASE.jar;C:\Users\olivi\.m2\repository\org\springframework\spring-test\5.0.9.RELEASE\spring-test-5.0.9.RELEASE.jar;C:\Users\olivi\.m2\repository\org\xmlunit\xmlunit-core\2.5.1\xmlunit-core-2.5.1.jar;C:\Users\olivi\.m2\repository\com\jayway\jsonpath\json-path\2.4.0\json-path-2.4.0.jar;C:\Users\olivi\.m2\repository\net\minidev\json-smart\2.3\json-smart-2.3.jar;C:\Users\olivi\.m2\repository\net\minidev\accessors-smart\1.2\accessors-smart-1.2.jar;C:\Users\olivi\.m2\repository\org\ow2\asm\asm\5.0.4\asm-5.0.4.jar;C:\Users\olivi\.m2\repository\org\slf4j\slf4j-api\1.7.25\slf4j-api-1.7.25.jar;C:\Users\olivi\.m2\repository\org\springframework\spring-web\5.0.9.RELEASE\spring-web-5.0.9.RELEASE.jar;C:\Users\olivi\.m2\repository\org\springframework\spring-beans\5.0.9.RELEASE\spring-beans-5.0.9.RELEASE.jar;C:\Users\olivi\.m2\repository\com\fasterxml\jackson\core\jackson-databind\2.9.6\jackson-databind-2.9.6.jar;C:\Users\olivi\.m2\repository\com\fasterxml\jackson\core\jackson-annotations\2.9.0\jackson-annotations-2.9.0.jar;C:\Users\olivi\.m2\repository\com\fasterxml\jackson\core\jackson-core\2.9.6\jackson-core-2.9.6.jar;C:\Users\olivi\.m2\repository\org\springframework\spring-websocket\5.0.9.RELEASE\spring-websocket-5.0.9.RELEASE.jar;C:\Users\olivi\.m2\repository\org\springframework\spring-context\5.0.9.RELEASE\spring-context-5.0.9.RELEASE.jar;C:\Users\olivi\.m2\repository\org\assertj\assertj-swing-junit\3.8.0\assertj-swing-junit-3.8.0.jar;C:\Users\olivi\.m2\repository\org\assertj\assertj-swing\3.8.0\assertj-swing-3.8.0.jar;C:\Users\olivi\.m2\repository\org\easytesting\fest-util\1.2.5\fest-util-1.2.5.jar;C:\Users\olivi\.m2\repository\org\easytesting\fest-reflect\1.4.1\fest-reflect-1.4.1.jar;C:\Users\olivi\.m2\repository\junit\junit\4.12\junit-4.12.jar;C:\Users\olivi\.m2\repository\org\awaitility\awaitility\3.1.2\awaitility-3.1.2.jar;C:\Users\olivi\.m2\repository\org\objenesis\objenesis\2.6\objenesis-2.6.jar;C:\Users\olivi\.m2\repository\org\hamcrest\hamcrest-all\1.3\hamcrest-all-1.3.jar;"/>
    <property name="java.vm.vendor" value="Oracle Corporation"/>
    <property name="sun.arch.data.model" value="64"/>
    <property name="user.variant" value=""/>
    <property name="java.vendor.url" value="http://java.oracle.com/"/>
    <property name="user.timezone" value="Europe/Paris"/>
    <property name="java.vm.specification.version" value="1.8"/>
    <property name="os.name" value="Windows 10"/>
    <property name="user.country" value="FR"/>
    <property name="sun.java.launcher" value="SUN_STANDARD"/>
    <property name="sun.boot.library.path" value="E:\plateforme-iut\jdk1.8.0_191\jre\bin"/>
    <property name="sun.java.command" value="C:\Users\olivi\AppData\Local\Temp\surefire7405074919140079460\surefirebooter3501630141904779132.jar C:\Users\olivi\AppData\Local\Temp\surefire7405074919140079460 2018-11-08T17-55-34_354-jvmRun1 surefire3947740062434504522tmp surefire_02032275009692191715tmp"/>
    <property name="surefire.test.class.path" value="C:\Users\olivi\git\Puissance4\target\test-classes;C:\Users\olivi\git\Puissance4\target\classes;C:\Users\olivi\.m2\repository\org\springframework\boot\spring-boot-starter-web\2.0.5.RELEASE\spring-boot-starter-web-2.0.5.RELEASE.jar;C:\Users\olivi\.m2\repository\org\springframework\boot\spring-boot-starter\2.0.5.RELEASE\spring-boot-starter-2.0.5.RELEASE.jar;C:\Users\olivi\.m2\repository\org\springframework\boot\spring-boot\2.0.5.RELEASE\spring-boot-2.0.5.RELEASE.jar;C:\Users\olivi\.m2\repository\org\springframework\boot\spring-boot-autoconfigure\2.0.5.RELEASE\spring-boot-autoconfigure-2.0.5.RELEASE.jar;C:\Users\olivi\.m2\repository\org\springframework\boot\spring-boot-starter-logging\2.0.5.RELEASE\spring-boot-starter-logging-2.0.5.RELEASE.jar;C:\Users\olivi\.m2\repository\ch\qos\logback\logback-classic\1.2.3\logback-classic-1.2.3.jar;C:\Users\olivi\.m2\repository\ch\qos\logback\logback-core\1.2.3\logback-core-1.2.3.jar;C:\Users\olivi\.m2\repository\org\apache\logging\log4j\log4j-to-slf4j\2.10.0\log4j-to-slf4j-2.10.0.jar;C:\Users\olivi\.m2\repository\org\apache\logging\log4j\log4j-api\2.10.0\log4j-api-2.10.0.jar;C:\Users\olivi\.m2\repository\org\slf4j\jul-to-slf4j\1.7.25\jul-to-slf4j-1.7.25.jar;C:\Users\olivi\.m2\repository\javax\annotation\javax.annotation-api\1.3.2\javax.annotation-api-1.3.2.jar;C:\Users\olivi\.m2\repository\org\yaml\snakeyaml\1.19\snakeyaml-1.19.jar;C:\Users\olivi\.m2\repository\org\springframework\boot\spring-boot-starter-json\2.0.5.RELEASE\spring-boot-starter-json-2.0.5.RELEASE.jar;C:\Users\olivi\.m2\repository\com\fasterxml\jackson\datatype\jackson-datatype-jdk8\2.9.6\jackson-datatype-jdk8-2.9.6.jar;C:\Users\olivi\.m2\repository\com\fasterxml\jackson\datatype\jackson-datatype-jsr310\2.9.6\jackson-datatype-jsr310-2.9.6.jar;C:\Users\olivi\.m2\repository\com\fasterxml\jackson\module\jackson-module-parameter-names\2.9.6\jackson-module-parameter-names-2.9.6.jar;C:\Users\olivi\.m2\repository\org\springframework\boot\spring-boot-starter-tomcat\2.0.5.RELEASE\spring-boot-starter-tomcat-2.0.5.RELEASE.jar;C:\Users\olivi\.m2\repository\org\apache\tomcat\embed\tomcat-embed-core\8.5.34\tomcat-embed-core-8.5.34.jar;C:\Users\olivi\.m2\repository\org\apache\tomcat\embed\tomcat-embed-el\8.5.34\tomcat-embed-el-8.5.34.jar;C:\Users\olivi\.m2\repository\org\apache\tomcat\embed\tomcat-embed-websocket\8.5.34\tomcat-embed-websocket-8.5.34.jar;C:\Users\olivi\.m2\repository\org\hibernate\validator\hibernate-validator\6.0.12.Final\hibernate-validator-6.0.12.Final.jar;C:\Users\olivi\.m2\repository\javax\validation\validation-api\2.0.1.Final\validation-api-2.0.1.Final.jar;C:\Users\olivi\.m2\repository\org\jboss\logging\jboss-logging\3.3.2.Final\jboss-logging-3.3.2.Final.jar;C:\Users\olivi\.m2\repository\com\fasterxml\classmate\1.3.4\classmate-1.3.4.jar;C:\Users\olivi\.m2\repository\org\springframework\spring-webmvc\5.0.9.RELEASE\spring-webmvc-5.0.9.RELEASE.jar;C:\Users\olivi\.m2\repository\org\springframework\spring-aop\5.0.9.RELEASE\spring-aop-5.0.9.RELEASE.jar;C:\Users\olivi\.m2\repository\org\springframework\spring-expression\5.0.9.RELEASE\spring-expression-5.0.9.RELEASE.jar;C:\Users\olivi\.m2\repository\org\springframework\boot\spring-boot-starter-test\2.0.5.RELEASE\spring-boot-starter-test-2.0.5.RELEASE.jar;C:\Users\olivi\.m2\repository\org\springframework\boot\spring-boot-test\2.0.5.RELEASE\spring-boot-test-2.0.5.RELEASE.jar;C:\Users\olivi\.m2\repository\org\springframework\boot\spring-boot-test-autoconfigure\2.0.5.RELEASE\spring-boot-test-autoconfigure-2.0.5.RELEASE.jar;C:\Users\olivi\.m2\repository\org\assertj\assertj-core\3.9.1\assertj-core-3.9.1.jar;C:\Users\olivi\.m2\repository\org\mockito\mockito-core\2.15.0\mockito-core-2.15.0.jar;C:\Users\olivi\.m2\repository\net\bytebuddy\byte-buddy\1.7.11\byte-buddy-1.7.11.jar;C:\Users\olivi\.m2\repository\net\bytebuddy\byte-buddy-agent\1.7.11\byte-buddy-agent-1.7.11.jar;C:\Users\olivi\.m2\repository\org\hamcrest\hamcrest-core\1.3\hamcrest-core-1.3.jar;C:\Users\olivi\.m2\repository\org\hamcrest\hamcrest-library\1.3\hamcrest-library-1.3.jar;C:\Users\olivi\.m2\repository\org\skyscreamer\jsonassert\1.5.0\jsonassert-1.5.0.jar;C:\Users\olivi\.m2\repository\com\vaadin\external\google\android-json\0.0.20131108.vaadin1\android-json-0.0.20131108.vaadin1.jar;C:\Users\olivi\.m2\repository\org\springframework\spring-core\5.0.9.RELEASE\spring-core-5.0.9.RELEASE.jar;C:\Users\olivi\.m2\repository\org\springframework\spring-jcl\5.0.9.RELEASE\spring-jcl-5.0.9.RELEASE.jar;C:\Users\olivi\.m2\repository\org\springframework\spring-test\5.0.9.RELEASE\spring-test-5.0.9.RELEASE.jar;C:\Users\olivi\.m2\repository\org\xmlunit\xmlunit-core\2.5.1\xmlunit-core-2.5.1.jar;C:\Users\olivi\.m2\repository\com\jayway\jsonpath\json-path\2.4.0\json-path-2.4.0.jar;C:\Users\olivi\.m2\repository\net\minidev\json-smart\2.3\json-smart-2.3.jar;C:\Users\olivi\.m2\repository\net\minidev\accessors-smart\1.2\accessors-smart-1.2.jar;C:\Users\olivi\.m2\repository\org\ow2\asm\asm\5.0.4\asm-5.0.4.jar;C:\Users\olivi\.m2\repository\org\slf4j\slf4j-api\1.7.25\slf4j-api-1.7.25.jar;C:\Users\olivi\.m2\repository\org\springframework\spring-web\5.0.9.RELEASE\spring-web-5.0.9.RELEASE.jar;C:\Users\olivi\.m2\repository\org\springframework\spring-beans\5.0.9.RELEASE\spring-beans-5.0.9.RELEASE.jar;C:\Users\olivi\.m2\repository\com\fasterxml\jackson\core\jackson-databind\2.9.6\jackson-databind-2.9.6.jar;C:\Users\olivi\.m2\repository\com\fasterxml\jackson\core\jackson-annotations\2.9.0\jackson-annotations-2.9.0.jar;C:\Users\olivi\.m2\repository\com\fasterxml\jackson\core\jackson-core\2.9.6\jackson-core-2.9.6.jar;C:\Users\olivi\.m2\repository\org\springframework\spring-websocket\5.0.9.RELEASE\spring-websocket-5.0.9.RELEASE.jar;C:\Users\olivi\.m2\repository\org\springframework\spring-context\5.0.9.RELEASE\spring-context-5.0.9.RELEASE.jar;C:\Users\olivi\.m2\repository\org\assertj\assertj-swing-junit\3.8.0\assertj-swing-junit-3.8.0.jar;C:\Users\olivi\.m2\repository\org\assertj\assertj-swing\3.8.0\assertj-swing-3.8.0.jar;C:\Users\olivi\.m2\repository\org\easytesting\fest-util\1.2.5\fest-util-1.2.5.jar;C:\Users\olivi\.m2\repository\org\easytesting\fest-reflect\1.4.1\fest-reflect-1.4.1.jar;C:\Users\olivi\.m2\repository\junit\junit\4.12\junit-4.12.jar;C:\Users\olivi\.m2\repository\org\awaitility\awaitility\3.1.2\awaitility-3.1.2.jar;C:\Users\olivi\.m2\repository\org\objenesis\objenesis\2.6\objenesis-2.6.jar;C:\Users\olivi\.m2\repository\org\hamcrest\hamcrest-all\1.3\hamcrest-all-1.3.jar;"/>
    <property name="sun.cpu.endian" value="little"/>
    <property name="user.home" value="C:\Users\olivi"/>
    <property name="user.language" value="fr"/>
    <property name="java.specification.vendor" value="Oracle Corporation"/>
    <property name="java.home" value="E:\plateforme-iut\jdk1.8.0_191\jre"/>
    <property name="basedir" value="C:\Users\olivi\git\Puissance4"/>
    <property name="file.separator" value="\"/>
    <property name="line.separator" value="&#10;"/>
    <property name="java.vm.specification.vendor" value="Oracle Corporation"/>
    <property name="java.specification.name" value="Java Platform API Specification"/>
    <property name="java.awt.graphicsenv" value="sun.awt.Win32GraphicsEnvironment"/>
    <property name="surefire.real.class.path" value="C:\Users\olivi\AppData\Local\Temp\surefire7405074919140079460\surefirebooter3501630141904779132.jar"/>
    <property name="sun.boot.class.path" value="E:\plateforme-iut\jdk1.8.0_191\jre\lib\resources.jar;E:\plateforme-iut\jdk1.8.0_191\jre\lib\rt.jar;E:\plateforme-iut\jdk1.8.0_191\jre\lib\sunrsasign.jar;E:\plateforme-iut\jdk1.8.0_191\jre\lib\jsse.jar;E:\plateforme-iut\jdk1.8.0_191\jre\lib\jce.jar;E:\plateforme-iut\jdk1.8.0_191\jre\lib\charsets.jar;E:\plateforme-iut\jdk1.8.0_191\jre\lib\jfr.jar;E:\plateforme-iut\jdk1.8.0_191\jre\classes"/>
    <property name="user.script" value=""/>
    <property name="sun.management.compiler" value="HotSpot 64-Bit Tiered Compilers"/>
    <property name="java.runtime.version" value="1.8.0_191-b12"/>
    <property name="user.name" value="olivi"/>
    <property name="path.separator" value=";"/>
    <property name="os.version" value="10.0"/>
    <property name="java.endorsed.dirs" value="E:\plateforme-iut\jdk1.8.0_191\jre\lib\endorsed"/>
    <property name="java.runtime.name" value="Java(TM) SE Runtime Environment"/>
    <property name="file.encoding" value="Cp1252"/>
    <property name="java.vm.name" value="Java HotSpot(TM) 64-Bit Server VM"/>
    <property name="localRepository" value="C:\Users\olivi\.m2\repository"/>
    <property name="java.vendor.url.bug" value="http://bugreport.sun.com/bugreport/"/>
    <property name="java.io.tmpdir" value="C:\Users\olivi\AppData\Local\Temp\"/>
    <property name="java.version" value="1.8.0_191"/>
    <property name="user.dir" value="C:\Users\olivi\git\Puissance4"/>
    <property name="os.arch" value="amd64"/>
    <property name="java.vm.specification.name" value="Java Virtual Machine Specification"/>
    <property name="java.awt.printerjob" value="sun.awt.windows.WPrinterJob"/>
    <property name="sun.os.patch.level" value=""/>
    <property name="java.library.path" value="E:\plateforme-iut\jdk1.8.0_191\jre\bin;C:\Windows\Sun\Java\bin;C:\Windows\system32;C:\Windows;C:/Program Files/Java/jre1.8.0_191/bin/server;C:/Program Files/Java/jre1.8.0_191/bin;C:/Program Files/Java/jre1.8.0_191/lib/amd64;C:\Program Files (x86)\Common Files\Oracle\Java\javapath;C:\Windows\system32;C:\Windows;C:\Windows\System32\Wbem;C:\Windows\System32\WindowsPowerShell\v1.0\;C:\Windows\System32\OpenSSH\;C:\Program Files\Microsoft SQL Server\Client SDK\ODBC\110\Tools\Binn\;C:\Program Files (x86)\Microsoft SQL Server\120\Tools\Binn\;C:\Program Files\Microsoft SQL Server\120\Tools\Binn\;C:\Program Files\Microsoft SQL Server\120\DTS\Binn\;E:\Programmes\NodeJS\;C:\Users\olivi\AppData\Local\Microsoft\WindowsApps;C:\Users\olivi\AppData\Roaming\npm;E:\plateforme-iut\eclipse-photon;;."/>
    <property name="java.vm.info" value="mixed mode"/>
    <property name="java.vendor" value="Oracle Corporation"/>
    <property name="java.vm.version" value="25.191-b12"/>
    <property name="java.ext.dirs" value="E:\plateforme-iut\jdk1.8.0_191\jre\lib\ext;C:\Windows\Sun\Java\lib\ext"/>
    <property name="sun.io.unicode.encoding" value="UnicodeLittle"/>
    <property name="java.class.version" value="52.0"/>
  </properties>
  <testcase name="testCoupGagnantAvecAlignementDiagonal" classname="com.orsys.tdd.puissance4.acceptation.TestsIT" time="0.003"/>
  <testcase name="testPartieNulle" classname="com.orsys.tdd.puissance4.acceptation.TestsIT" time="0"/>
  <testcase name="testCoupGagnantAvecAlignementHorizontal" classname="com.orsys.tdd.puissance4.acceptation.TestsIT" time="0"/>
  <testcase name="testCoupGagnantAvecAlignementVertical" classname="com.orsys.tdd.puissance4.acceptation.TestsIT" time="0"/>
  <testcase name="testPartieGagnanteJoueurJaune" classname="com.orsys.tdd.puissance4.acceptation.TestsIT" time="0"/>
  <testcase name="testPartieGagnanteJoueurRouge" classname="com.orsys.tdd.puissance4.acceptation.TestsIT" time="0"/>
</testsuite>